<?xml version="1.0" encoding="UTF-8"?>
<testng-results ignored="0" total="1" passed="1" failed="0" skipped="0">
  <reporter-output>
  </reporter-output>
  <suite started-at="2022-08-25T10:49:08 IST" name="Default suite" finished-at="2022-08-25T10:49:55 IST" duration-ms="46787">
    <groups>
    </groups>
    <test started-at="2022-08-25T10:49:08 IST" name="Default test" finished-at="2022-08-25T10:49:55 IST" duration-ms="46787">
      <class name="Practice.Gmail">
        <test-method is-config="true" signature="startserver()[pri:0, instance:Practice.Gmail@4a8355dd]" started-at="2022-08-25T10:49:08 IST" name="startserver" finished-at="2022-08-25T10:49:08 IST" duration-ms="10" status="PASS">
          <reporter-output>
          </reporter-output>
        </test-method> <!-- startserver -->
        <test-method is-config="true" signature="openApp()[pri:0, instance:Practice.Gmail@4a8355dd]" started-at="2022-08-25T10:49:08 IST" name="openApp" finished-at="2022-08-25T10:49:28 IST" duration-ms="20049" status="PASS">
          <reporter-output>
          </reporter-output>
        </test-method> <!-- openApp -->
        <test-method signature="Gmailapp()[pri:0, instance:Practice.Gmail@4a8355dd]" started-at="2022-08-25T10:49:28 IST" name="Gmailapp" finished-at="2022-08-25T10:49:54 IST" duration-ms="26251" status="PASS">
          <reporter-output>
          </reporter-output>
        </test-method> <!-- Gmailapp -->
        <test-method is-config="true" signature="closeApp()[pri:0, instance:Practice.Gmail@4a8355dd]" started-at="2022-08-25T10:49:54 IST" name="closeApp" finished-at="2022-08-25T10:49:55 IST" duration-ms="427" status="PASS">
          <reporter-output>
          </reporter-output>
        </test-method> <!-- closeApp -->
        <test-method is-config="true" signature="stopserver()[pri:0, instance:Practice.Gmail@4a8355dd]" started-at="2022-08-25T10:49:55 IST" name="stopserver" finished-at="2022-08-25T10:49:55 IST" duration-ms="0" status="PASS">
          <reporter-output>
          </reporter-output>
        </test-method> <!-- stopserver -->
      </class> <!-- Practice.Gmail -->
    </test> <!-- Default test -->
  </suite> <!-- Default suite -->
</testng-results>
